[0m19:45:55.942814 [debug] [MainThread]: Sending event: {'category': 'dbt', 'action': 'invocation', 'label': 'start', 'context': [<snowplow_tracker.self_describing_json.SelfDescribingJson object at 0x000001CCDC4D5050>, <snowplow_tracker.self_describing_json.SelfDescribingJson object at 0x000001CCDB340D90>, <snowplow_tracker.self_describing_json.SelfDescribingJson object at 0x000001CCDB243390>]}


============================== 19:45:55.960811 | de27317d-de0b-4474-bda4-46a67bccc0f0 ==============================
[0m19:45:55.960811 [info ] [MainThread]: Running with dbt=1.7.19
[0m19:45:55.965798 [debug] [MainThread]: running dbt with arguments {'printer_width': '80', 'indirect_selection': 'eager', 'write_json': 'True', 'log_cache_events': 'False', 'partial_parse': 'True', 'cache_selected_only': 'False', 'warn_error': 'None', 'version_check': 'True', 'fail_fast': 'False', 'log_path': 'C:\\Users\\Usuario nuevo\\Desktop\\CourseFullSite\\complete-dbt-bootcamp-zero-to-hero\\dbtlearn\\logs', 'debug': 'False', 'profiles_dir': 'C:\\Users\\Usuario nuevo\\.dbt', 'use_colors': 'True', 'use_experimental_parser': 'False', 'no_print': 'None', 'quiet': 'False', 'log_format': 'default', 'introspect': 'True', 'static_parser': 'True', 'invocation_command': 'dbt debug', 'target_path': 'None', 'warn_error_options': 'WarnErrorOptions(include=[], exclude=[])', 'send_anonymous_usage_stats': 'True'}
[0m19:45:55.969793 [info ] [MainThread]: dbt version: 1.7.19
[0m19:45:55.972800 [info ] [MainThread]: python version: 3.11.6
[0m19:45:55.976797 [info ] [MainThread]: python path: C:\Users\Usuario nuevo\Desktop\CourseFullSite\complete-dbt-bootcamp-zero-to-hero\venv\Scripts\python.exe
[0m19:45:55.980803 [info ] [MainThread]: os info: Windows-10-10.0.19045-SP0
[0m19:45:57.749814 [info ] [MainThread]: Using profiles dir at C:\Users\Usuario nuevo\.dbt
[0m19:45:57.759815 [info ] [MainThread]: Using profiles.yml file at C:\Users\Usuario nuevo\.dbt\profiles.yml
[0m19:45:57.769803 [info ] [MainThread]: Using dbt_project.yml file at C:\Users\Usuario nuevo\Desktop\CourseFullSite\complete-dbt-bootcamp-zero-to-hero\dbtlearn\dbt_project.yml
[0m19:45:57.805818 [info ] [MainThread]: adapter type: snowflake
[0m19:45:57.812801 [info ] [MainThread]: adapter version: 1.7.1
[0m19:45:58.679794 [info ] [MainThread]: Configuration:
[0m19:45:58.682796 [info ] [MainThread]:   profiles.yml file [[32mOK found and valid[0m]
[0m19:45:58.685797 [info ] [MainThread]:   dbt_project.yml file [[32mOK found and valid[0m]
[0m19:45:58.690810 [info ] [MainThread]: Required dependencies:
[0m19:45:58.696808 [debug] [MainThread]: Executing "git --help"
[0m19:45:58.916797 [debug] [MainThread]: STDOUT: "b"usage: git [-v | --version] [-h | --help] [-C <path>] [-c <name>=<value>]\n           [--exec-path[=<path>]] [--html-path] [--man-path] [--info-path]\n           [-p | --paginate | -P | --no-pager] [--no-replace-objects] [--no-lazy-fetch]\n           [--no-optional-locks] [--no-advice] [--bare] [--git-dir=<path>]\n           [--work-tree=<path>] [--namespace=<name>] [--config-env=<name>=<envvar>]\n           <command> [<args>]\n\nThese are common Git commands used in various situations:\n\nstart a working area (see also: git help tutorial)\n   clone      Clone a repository into a new directory\n   init       Create an empty Git repository or reinitialize an existing one\n\nwork on the current change (see also: git help everyday)\n   add        Add file contents to the index\n   mv         Move or rename a file, a directory, or a symlink\n   restore    Restore working tree files\n   rm         Remove files from the working tree and from the index\n\nexamine the history and state (see also: git help revisions)\n   bisect     Use binary search to find the commit that introduced a bug\n   diff       Show changes between commits, commit and working tree, etc\n   grep       Print lines matching a pattern\n   log        Show commit logs\n   show       Show various types of objects\n   status     Show the working tree status\n\ngrow, mark and tweak your common history\n   backfill   Download missing objects in a partial clone\n   branch     List, create, or delete branches\n   commit     Record changes to the repository\n   merge      Join two or more development histories together\n   rebase     Reapply commits on top of another base tip\n   reset      Reset current HEAD to the specified state\n   switch     Switch branches\n   tag        Create, list, delete or verify a tag object signed with GPG\n\ncollaborate (see also: git help workflows)\n   fetch      Download objects and refs from another repository\n   pull       Fetch from and integrate with another repository or a local branch\n   push       Update remote refs along with associated objects\n\n'git help -a' and 'git help -g' list available subcommands and some\nconcept guides. See 'git help <command>' or 'git help <concept>'\nto read about a specific subcommand or concept.\nSee 'git help git' for an overview of the system.\n""
[0m19:45:58.919793 [debug] [MainThread]: STDERR: "b''"
[0m19:45:58.922793 [info ] [MainThread]:  - git [[32mOK found[0m]

[0m19:45:58.926800 [info ] [MainThread]: Connection:
[0m19:45:58.930801 [info ] [MainThread]:   account: brvdcgb-cc29842
[0m19:45:58.935816 [info ] [MainThread]:   user: dbt
[0m19:45:58.939803 [info ] [MainThread]:   database: AIRBNB
[0m19:45:58.944800 [info ] [MainThread]:   warehouse: COMPUTE_WH
[0m19:45:58.948807 [info ] [MainThread]:   role: transform
[0m19:45:58.960808 [info ] [MainThread]:   schema: DEV
[0m19:45:58.965804 [info ] [MainThread]:   authenticator: None
[0m19:45:58.969807 [info ] [MainThread]:   private_key_path: None
[0m19:45:58.976800 [info ] [MainThread]:   token: None
[0m19:45:58.979802 [info ] [MainThread]:   oauth_client_id: None
[0m19:45:58.987802 [info ] [MainThread]:   query_tag: None
[0m19:45:58.993806 [info ] [MainThread]:   client_session_keep_alive: False
[0m19:45:58.999800 [info ] [MainThread]:   host: None
[0m19:45:59.004803 [info ] [MainThread]:   port: None
[0m19:45:59.011802 [info ] [MainThread]:   proxy_host: None
[0m19:45:59.017823 [info ] [MainThread]:   proxy_port: None
[0m19:45:59.024802 [info ] [MainThread]:   protocol: None
[0m19:45:59.028797 [info ] [MainThread]:   connect_retries: 1
[0m19:45:59.033799 [info ] [MainThread]:   connect_timeout: None
[0m19:45:59.040802 [info ] [MainThread]:   retry_on_database_errors: False
[0m19:45:59.048833 [info ] [MainThread]:   retry_all: False
[0m19:45:59.052806 [info ] [MainThread]:   insecure_mode: False
[0m19:45:59.057801 [info ] [MainThread]:   reuse_connections: None
[0m19:45:59.062812 [info ] [MainThread]: Registered adapter: snowflake=1.7.1
[0m19:45:59.071820 [debug] [MainThread]: Acquiring new snowflake connection 'debug'
[0m19:45:59.077806 [debug] [MainThread]: Using snowflake connection "debug"
[0m19:45:59.080812 [debug] [MainThread]: On debug: select 1 as id
[0m19:45:59.083801 [debug] [MainThread]: Opening a new connection, currently in state init
[0m19:46:05.291367 [debug] [MainThread]: SQL status: SUCCESS 1 in 6.0 seconds
[0m19:46:05.296321 [debug] [MainThread]: On debug: Close
[0m19:46:05.712896 [info ] [MainThread]:   Connection test: [[32mOK connection ok[0m]

[0m19:46:05.717086 [info ] [MainThread]: [32mAll checks passed![0m
[0m19:46:05.725975 [debug] [MainThread]: Command `dbt debug` succeeded at 19:46:05.724973 after 10.21 seconds
[0m19:46:05.728973 [debug] [MainThread]: Connection 'debug' was properly closed.
[0m19:46:05.731971 [debug] [MainThread]: Sending event: {'category': 'dbt', 'action': 'invocation', 'label': 'end', 'context': [<snowplow_tracker.self_describing_json.SelfDescribingJson object at 0x000001CCD5692710>, <snowplow_tracker.self_describing_json.SelfDescribingJson object at 0x000001CCD56DB490>, <snowplow_tracker.self_describing_json.SelfDescribingJson object at 0x000001CCDDF6C710>]}
[0m19:46:05.735973 [debug] [MainThread]: Flushing usage events
[0m19:46:49.137205 [debug] [MainThread]: Sending event: {'category': 'dbt', 'action': 'invocation', 'label': 'start', 'context': [<snowplow_tracker.self_describing_json.SelfDescribingJson object at 0x00000174347351D0>, <snowplow_tracker.self_describing_json.SelfDescribingJson object at 0x0000017434735810>, <snowplow_tracker.self_describing_json.SelfDescribingJson object at 0x0000017434736810>]}


============================== 19:46:49.154202 | 286e9a7c-87fb-4c0c-a2d3-3f0ddba445eb ==============================
[0m19:46:49.154202 [info ] [MainThread]: Running with dbt=1.7.19
[0m19:46:49.159206 [debug] [MainThread]: running dbt with arguments {'printer_width': '80', 'indirect_selection': 'eager', 'write_json': 'True', 'log_cache_events': 'False', 'partial_parse': 'True', 'cache_selected_only': 'False', 'warn_error': 'None', 'fail_fast': 'False', 'profiles_dir': 'C:\\Users\\Usuario nuevo\\.dbt', 'log_path': 'C:\\Users\\Usuario nuevo\\Desktop\\CourseFullSite\\complete-dbt-bootcamp-zero-to-hero\\dbtlearn\\logs', 'version_check': 'True', 'debug': 'False', 'use_colors': 'True', 'use_experimental_parser': 'False', 'no_print': 'None', 'quiet': 'False', 'log_format': 'default', 'static_parser': 'True', 'invocation_command': 'dbt deps', 'warn_error_options': 'WarnErrorOptions(include=[], exclude=[])', 'target_path': 'None', 'introspect': 'True', 'send_anonymous_usage_stats': 'True'}
[0m19:46:50.142876 [debug] [MainThread]: Sending event: {'category': 'dbt', 'action': 'project_id', 'label': '286e9a7c-87fb-4c0c-a2d3-3f0ddba445eb', 'context': [<snowplow_tracker.self_describing_json.SelfDescribingJson object at 0x0000017434835F90>]}
[0m19:46:50.152879 [debug] [MainThread]: Set downloads directory='C:\Users\Public\Documents\Wondershare\CreatorTemp\dbt-downloads-f4z_gl3i'
[0m19:46:50.156881 [debug] [MainThread]: Making package index registry request: GET https://hub.getdbt.com/api/v1/index.json
[0m19:46:50.630442 [debug] [MainThread]: Response from registry index: GET https://hub.getdbt.com/api/v1/index.json 200
[0m19:46:50.635547 [debug] [MainThread]: Making package registry request: GET https://hub.getdbt.com/api/v1/dbt-labs/dbt_utils.json
[0m19:46:50.975529 [debug] [MainThread]: Response from registry: GET https://hub.getdbt.com/api/v1/dbt-labs/dbt_utils.json 200
[0m19:46:51.002534 [debug] [MainThread]: Making package registry request: GET https://hub.getdbt.com/api/v1/calogica/dbt_expectations.json
[0m19:46:51.337415 [debug] [MainThread]: Response from registry: GET https://hub.getdbt.com/api/v1/calogica/dbt_expectations.json 200
[0m19:46:51.358419 [debug] [MainThread]: Making package registry request: GET https://hub.getdbt.com/api/v1/calogica/dbt_date.json
[0m19:46:51.706187 [debug] [MainThread]: Response from registry: GET https://hub.getdbt.com/api/v1/calogica/dbt_date.json 200
[0m19:46:51.784198 [info ] [MainThread]: Updating lock file in file path: C:\Users\Usuario nuevo\Desktop\CourseFullSite\complete-dbt-bootcamp-zero-to-hero\dbtlearn/package-lock.yml
[0m19:46:51.801186 [debug] [MainThread]: Set downloads directory='C:\Users\Public\Documents\Wondershare\CreatorTemp\dbt-downloads-wt2rbq3a'
[0m19:46:51.866192 [info ] [MainThread]: Installing dbt-labs/dbt_utils
[0m19:46:57.375457 [error] [MainThread]: Encountered an error:
[WinError 32] El proceso no tiene acceso al archivo porque est√° siendo utilizado por otro proceso: 'dbt_packages\\dbt-utils-1.1.1\\integration_tests'
[0m19:46:57.541465 [error] [MainThread]: Traceback (most recent call last):
  File "C:\Users\Usuario nuevo\AppData\Local\Programs\Python\Python311\Lib\shutil.py", line 825, in move
    os.rename(src, real_dst)
PermissionError: [WinError 32] El proceso no tiene acceso al archivo porque est√° siendo utilizado por otro proceso: 'dbt_packages\\dbt-utils-1.1.1' -> 'dbt_packages\\dbt_utils'

During handling of the above exception, another exception occurred:

Traceback (most recent call last):
  File "C:\Users\Usuario nuevo\Desktop\CourseFullSite\complete-dbt-bootcamp-zero-to-hero\venv\Lib\site-packages\dbt\cli\requires.py", line 91, in wrapper
    result, success = func(*args, **kwargs)
                      ^^^^^^^^^^^^^^^^^^^^^
  File "C:\Users\Usuario nuevo\Desktop\CourseFullSite\complete-dbt-bootcamp-zero-to-hero\venv\Lib\site-packages\dbt\cli\requires.py", line 76, in wrapper
    return func(*args, **kwargs)
           ^^^^^^^^^^^^^^^^^^^^^
  File "C:\Users\Usuario nuevo\Desktop\CourseFullSite\complete-dbt-bootcamp-zero-to-hero\venv\Lib\site-packages\dbt\cli\requires.py", line 152, in wrapper
    return func(*args, **kwargs)
           ^^^^^^^^^^^^^^^^^^^^^
  File "C:\Users\Usuario nuevo\Desktop\CourseFullSite\complete-dbt-bootcamp-zero-to-hero\venv\Lib\site-packages\dbt\cli\requires.py", line 198, in wrapper
    return func(*args, **kwargs)
           ^^^^^^^^^^^^^^^^^^^^^
  File "C:\Users\Usuario nuevo\Desktop\CourseFullSite\complete-dbt-bootcamp-zero-to-hero\venv\Lib\site-packages\dbt\cli\main.py", line 493, in deps
    results = task.run()
              ^^^^^^^^^^
  File "C:\Users\Usuario nuevo\Desktop\CourseFullSite\complete-dbt-bootcamp-zero-to-hero\venv\Lib\site-packages\dbt\task\deps.py", line 255, in run
    package.install(self.project, renderer)
  File "C:\Users\Usuario nuevo\Desktop\CourseFullSite\complete-dbt-bootcamp-zero-to-hero\venv\Lib\site-packages\dbt\deps\registry.py", line 66, in install
    self._install(project, renderer)
  File "C:\Users\Usuario nuevo\Desktop\CourseFullSite\complete-dbt-bootcamp-zero-to-hero\venv\Lib\site-packages\dbt\deps\base.py", line 121, in _install
    connection_exception_retry(download_untar_fn, 5)
  File "C:\Users\Usuario nuevo\Desktop\CourseFullSite\complete-dbt-bootcamp-zero-to-hero\venv\Lib\site-packages\dbt\utils.py", line 607, in _connection_exception_retry
    return fn()
           ^^^^
  File "C:\Users\Usuario nuevo\Desktop\CourseFullSite\complete-dbt-bootcamp-zero-to-hero\venv\Lib\site-packages\dbt\deps\base.py", line 133, in download_and_untar
    system.untar_package(tar_path, deps_path, package_name)
  File "C:\Users\Usuario nuevo\Desktop\CourseFullSite\complete-dbt-bootcamp-zero-to-hero\venv\Lib\site-packages\dbt\clients\system.py", line 505, in untar_package
    dbt.clients.system.rename(downloaded_path, desired_path, force=True)
  File "C:\Users\Usuario nuevo\Desktop\CourseFullSite\complete-dbt-bootcamp-zero-to-hero\venv\Lib\site-packages\dbt\clients\system.py", line 493, in rename
    shutil.move(from_path, to_path)
  File "C:\Users\Usuario nuevo\AppData\Local\Programs\Python\Python311\Lib\shutil.py", line 843, in move
    rmtree(src)
  File "C:\Users\Usuario nuevo\AppData\Local\Programs\Python\Python311\Lib\shutil.py", line 759, in rmtree
    return _rmtree_unsafe(path, onerror)
           ^^^^^^^^^^^^^^^^^^^^^^^^^^^^^
  File "C:\Users\Usuario nuevo\AppData\Local\Programs\Python\Python311\Lib\shutil.py", line 617, in _rmtree_unsafe
    _rmtree_unsafe(fullname, onerror)
  File "C:\Users\Usuario nuevo\AppData\Local\Programs\Python\Python311\Lib\shutil.py", line 626, in _rmtree_unsafe
    onerror(os.rmdir, path, sys.exc_info())
  File "C:\Users\Usuario nuevo\AppData\Local\Programs\Python\Python311\Lib\shutil.py", line 624, in _rmtree_unsafe
    os.rmdir(path)
PermissionError: [WinError 32] El proceso no tiene acceso al archivo porque est√° siendo utilizado por otro proceso: 'dbt_packages\\dbt-utils-1.1.1\\integration_tests'

[0m19:46:57.700463 [debug] [MainThread]: Command `dbt deps` failed at 19:46:57.699453 after 8.98 seconds
[0m19:46:57.707459 [debug] [MainThread]: Sending event: {'category': 'dbt', 'action': 'invocation', 'label': 'end', 'context': [<snowplow_tracker.self_describing_json.SelfDescribingJson object at 0x000001742D8C2710>, <snowplow_tracker.self_describing_json.SelfDescribingJson object at 0x000001743474FF10>, <snowplow_tracker.self_describing_json.SelfDescribingJson object at 0x000001743474D210>]}
[0m19:46:57.746463 [debug] [MainThread]: Flushing usage events
[0m19:47:07.787550 [debug] [MainThread]: Error sending anonymous usage statistics. Disabling tracking for this execution. If you wish to permanently disable tracking, see: https://docs.getdbt.com/reference/global-configs#send-anonymous-usage-stats.
